<?xml version="1.0" encoding="UTF-8"?>
<!-- Generated by org.testng.reporters.JUnitReportReporter -->
<testsuite hostname="Clairvoyant-154" failures="0" tests="1" name="MoxieTestPackage.PostCreateSession" time="3.859" errors="0" timestamp="2021-10-07T10:24:33 IST" skipped="0">
  <testcase classname="MoxieTestPackage.PostCreateSession" name="tokenValidation" time="3.859"/>
  <system-out/>
</testsuite> <!-- MoxieTestPackage.PostCreateSession -->
