<?xml version="1.0" encoding="UTF-8"?>
<!-- Generated by org.testng.reporters.JUnitReportReporter -->
<testsuite hostname="Clairvoyant-154" failures="0" tests="2" name="MoxieTestPackage.Post_CreateSession" time="11.948" errors="0" timestamp="2021-09-30T11:49:36 IST" skipped="0">
  <testcase classname="MoxieTestPackage.Post_CreateSession" name="StatusCodeValidation" time="11.228"/>
  <system-out/>
  <testcase classname="MoxieTestPackage.Post_CreateSession" name="TokenValidation" time="0.720"/>
  <system-out/>
</testsuite> <!-- MoxieTestPackage.Post_CreateSession -->
